<?xml version="1.0" encoding="UTF-8"?>
<!-- Generated by org.testng.reporters.JUnitReportReporter -->
<testsuite hostname="Alok-PC" name="com.amazon.Register_Test" tests="1" failures="0" timestamp="27 Nov 2018 16:06:59 GMT" time="0.000" errors="0">
  <testcase name="openApplicationAndSearch" time="0.000" classname="com.amazon.Register_Test"/>
</testsuite> <!-- com.amazon.Register_Test -->
